This file contains any messages produced by compilers while
running configure, to aid debugging if configure makes a mistake.

It was created by configure, which was
generated by GNU Autoconf 2.68.  Invocation command line was

  $ ./configure 

## --------- ##
## Platform. ##
## --------- ##

hostname = edeng-Lenovo
uname -m = i686
uname -r = 3.13.0-44-generic
uname -s = Linux
uname -v = #73~precise1-Ubuntu SMP Wed Dec 17 00:38:38 UTC 2014

/usr/bin/uname -p = unknown
/bin/uname -X     = unknown

/bin/arch              = unknown
/usr/bin/arch -k       = unknown
/usr/convex/getsysinfo = unknown
/usr/bin/hostinfo      = unknown
/bin/machine           = unknown
/usr/bin/oslevel       = unknown
/bin/universe          = unknown

PATH: /usr/lib/jvm/java-7-oracle/bin
PATH: /usr/lib/jvm/java-7-oracle/jre/bin
PATH: /usr/lib/lightdm/lightdm
PATH: /usr/local/sbin
PATH: /usr/local/bin
PATH: /usr/sbin
PATH: /usr/bin
PATH: /sbin
PATH: /bin
PATH: /usr/games
PATH: /home/edeng/.rvm/bin
PATH: /home/edeng/Downloads/software/android-studio/bin
PATH: /home/edeng/.rvm/bin


## ----------- ##
## Core tests. ##
## ----------- ##

configure:2277: checking for grep that handles long lines and -e
configure:2335: result: /bin/grep
configure:2340: checking for egrep
configure:2402: result: /bin/grep -E
configure:2407: checking for a sed that does not truncate output
configure:2461: result: /bin/sed
configure:2593: checking for cc
configure:2609: found /usr/bin/cc
configure:2620: result: cc
configure:2651: checking for C compiler version
configure:2660: cc --version >&5
cc (Ubuntu 4.8.1-2ubuntu1~12.04) 4.8.1
Copyright (C) 2013 Free Software Foundation, Inc.
This is free software; see the source for copying conditions.  There is NO
warranty; not even for MERCHANTABILITY or FITNESS FOR A PARTICULAR PURPOSE.

configure:2671: $? = 0
configure:2660: cc -v >&5
Using built-in specs.
COLLECT_GCC=cc
COLLECT_LTO_WRAPPER=/usr/lib/gcc/i686-linux-gnu/4.8/lto-wrapper
Target: i686-linux-gnu
Configured with: ../src/configure -v --with-pkgversion='Ubuntu 4.8.1-2ubuntu1~12.04' --with-bugurl=file:///usr/share/doc/gcc-4.8/README.Bugs --enable-languages=c,c++,java,go,d,fortran,objc,obj-c++ --prefix=/usr --program-suffix=-4.8 --enable-shared --enable-linker-build-id --libexecdir=/usr/lib --without-included-gettext --enable-threads=posix --with-gxx-include-dir=/usr/include/c++/4.8 --libdir=/usr/lib --enable-nls --with-sysroot=/ --enable-clocale=gnu --enable-libstdcxx-debug --enable-libstdcxx-time=yes --enable-gnu-unique-object --enable-plugin --with-system-zlib --disable-browser-plugin --enable-java-awt=gtk --enable-gtk-cairo --with-java-home=/usr/lib/jvm/java-1.5.0-gcj-4.8-i386/jre --enable-java-home --with-jvm-root-dir=/usr/lib/jvm/java-1.5.0-gcj-4.8-i386 --with-jvm-jar-dir=/usr/lib/jvm-exports/java-1.5.0-gcj-4.8-i386 --with-arch-directory=i386 --with-ecj-jar=/usr/share/java/eclipse-ecj.jar --enable-objc-gc --enable-targets=all --enable-multiarch --disable-werror --with-arch-32=i686 --with-multilib-list=m32,m64 --with-tune=generic --enable-checking=release --build=i686-linux-gnu --host=i686-linux-gnu --target=i686-linux-gnu
Thread model: posix
gcc version 4.8.1 (Ubuntu 4.8.1-2ubuntu1~12.04) 
configure:2671: $? = 0
configure:2660: cc -V >&5
cc: error: unrecognized command line option '-V'
cc: fatal error: no input files
compilation terminated.
configure:2671: $? = 4
configure:2660: cc -qversion >&5
cc: error: unrecognized command line option '-qversion'
cc: fatal error: no input files
compilation terminated.
configure:2671: $? = 4
configure:2691: checking whether the C compiler works
configure:2713: cc    conftest.c  >&5
configure:2717: $? = 0
configure:2765: result: yes
configure:2768: checking for C compiler default output file name
configure:2770: result: a.out
configure:2776: checking for suffix of executables
configure:2783: cc -o conftest    conftest.c  >&5
configure:2787: $? = 0
configure:2809: result: 
configure:2831: checking whether we are cross compiling
configure:2839: cc -o conftest    conftest.c  >&5
configure:2843: $? = 0
configure:2850: ./conftest
configure:2854: $? = 0
configure:2869: result: no
configure:2874: checking for suffix of object files
configure:2896: cc -c   conftest.c >&5
configure:2900: $? = 0
configure:2921: result: o
configure:2925: checking whether we are using the GNU C compiler
configure:2944: cc -c   conftest.c >&5
configure:2944: $? = 0
configure:2953: result: yes
configure:2962: checking whether cc accepts -g
configure:2982: cc -c -g  conftest.c >&5
configure:2982: $? = 0
configure:3023: result: yes
configure:3040: checking for cc option to accept ISO C89
configure:3104: cc  -c -g -O2  conftest.c >&5
configure:3104: $? = 0
configure:3117: result: none needed
configure:3143: checking how to run the C preprocessor
configure:3174: cc -E  conftest.c
configure:3174: $? = 0
configure:3188: cc -E  conftest.c
conftest.c:9:28: fatal error: ac_nonexistent.h: No such file or directory
 #include <ac_nonexistent.h>
                            ^
compilation terminated.
configure:3188: $? = 1
configure: failed program was:
| /* confdefs.h */
| #define PACKAGE_NAME ""
| #define PACKAGE_TARNAME ""
| #define PACKAGE_VERSION ""
| #define PACKAGE_STRING ""
| #define PACKAGE_BUGREPORT ""
| #define PACKAGE_URL ""
| /* end confdefs.h.  */
| #include <ac_nonexistent.h>
configure:3213: result: cc -E
configure:3233: cc -E  conftest.c
configure:3233: $? = 0
configure:3247: cc -E  conftest.c
conftest.c:9:28: fatal error: ac_nonexistent.h: No such file or directory
 #include <ac_nonexistent.h>
                            ^
compilation terminated.
configure:3247: $? = 1
configure: failed program was:
| /* confdefs.h */
| #define PACKAGE_NAME ""
| #define PACKAGE_TARNAME ""
| #define PACKAGE_VERSION ""
| #define PACKAGE_STRING ""
| #define PACKAGE_BUGREPORT ""
| #define PACKAGE_URL ""
| /* end confdefs.h.  */
| #include <ac_nonexistent.h>
configure:3278: checking for icc
configure:3287: result: no
configure:3301: checking for suncc
configure:3310: result: no
configure:3328: checking whether cc understands -c and -o together
configure:3356: cc -c conftest.c -o conftest2.o >&5
configure:3360: $? = 0
configure:3366: cc -c conftest.c -o conftest2.o >&5
configure:3370: $? = 0
configure:3425: result: yes
configure:3439: checking for system library directory
configure:3454: result: lib
configure:3461: checking if compiler supports -R
configure:3480: cc -o conftest -g -O2   conftest.c -R /usr/lib  >&5
cc: error: unrecognized command line option '-R'
configure:3480: $? = 1
configure: failed program was:
| /* confdefs.h */
| #define PACKAGE_NAME ""
| #define PACKAGE_TARNAME ""
| #define PACKAGE_VERSION ""
| #define PACKAGE_STRING ""
| #define PACKAGE_BUGREPORT ""
| #define PACKAGE_URL ""
| /* end confdefs.h.  */
| 
| int
| main ()
| {
| 
|   ;
|   return 0;
| }
configure:3490: result: no
configure:3495: checking if compiler supports -Wl,-rpath,
configure:3514: cc -o conftest -g -O2   conftest.c -Wl,-rpath,/usr/lib  >&5
configure:3514: $? = 0
configure:3524: result: yes
configure:3569: checking build system type
configure:3583: result: i686-pc-linux-gnu
configure:3603: checking host system type
configure:3616: result: i686-pc-linux-gnu
configure:3636: checking target system type
configure:3649: result: i686-pc-linux-gnu
configure:3752: checking for PHP prefix
configure:3754: result: /usr/local
configure:3756: checking for PHP includes
configure:3758: result: -I/usr/local/include/php -I/usr/local/include/php/main -I/usr/local/include/php/TSRM -I/usr/local/include/php/Zend -I/usr/local/include/php/ext -I/usr/local/include/php/ext/date/lib
configure:3760: checking for PHP extension directory
configure:3762: result: /usr/local/lib/php/extensions/no-debug-non-zts-20121212
configure:3764: checking for PHP installed headers prefix
configure:3766: result: /usr/local/include/php
configure:3769: checking if debug is enabled
configure:3795: result: no
configure:3798: checking if zts is enabled
configure:3824: result: no
configure:3895: checking for re2c
configure:3925: result: no
configure:3950: WARNING: You will need re2c 0.13.4 or later if you want to regenerate PHP parsers.
configure:3964: checking for gawk
configure:3981: found /usr/bin/gawk
configure:3992: result: gawk
configure:4038: checking for htmltox support
configure:4078: result: yes, shared
configure:4099: result:  not found 1
configure:4101: error: yes ||  ||  || Please reinstall the htmltox distribution

## ---------------- ##
## Cache variables. ##
## ---------------- ##

ac_cv_build=i686-pc-linux-gnu
ac_cv_c_compiler_gnu=yes
ac_cv_env_CC_set=
ac_cv_env_CC_value=
ac_cv_env_CFLAGS_set=
ac_cv_env_CFLAGS_value=
ac_cv_env_CPPFLAGS_set=
ac_cv_env_CPPFLAGS_value=
ac_cv_env_CPP_set=
ac_cv_env_CPP_value=
ac_cv_env_LDFLAGS_set=
ac_cv_env_LDFLAGS_value=
ac_cv_env_LIBS_set=
ac_cv_env_LIBS_value=
ac_cv_env_build_alias_set=
ac_cv_env_build_alias_value=
ac_cv_env_host_alias_set=
ac_cv_env_host_alias_value=
ac_cv_env_target_alias_set=
ac_cv_env_target_alias_value=
ac_cv_host=i686-pc-linux-gnu
ac_cv_objext=o
ac_cv_path_EGREP='/bin/grep -E'
ac_cv_path_GREP=/bin/grep
ac_cv_prog_AWK=gawk
ac_cv_prog_CPP='cc -E'
ac_cv_prog_ac_ct_CC=cc
ac_cv_prog_cc_c89=
ac_cv_prog_cc_cc_c_o=yes
ac_cv_prog_cc_g=yes
ac_cv_target=i686-pc-linux-gnu
lt_cv_path_SED=/bin/sed
php_cv_cc_dashr=no
php_cv_cc_rpath=yes

## ----------------- ##
## Output variables. ##
## ----------------- ##

AR=''
AWK='gawk'
CC='cc'
CFLAGS='-g -O2'
CONFIGURE_COMMAND=' '\''./configure'\'' '
CONFIGURE_OPTIONS=''
CPP='cc -E'
CPPFLAGS=''
DEFS=''
DSYMUTIL=''
ECHO='echo'
ECHO_C=''
ECHO_N='-n'
ECHO_T=''
EGREP='/bin/grep -E'
EXEEXT=''
GREP='/bin/grep'
LDFLAGS=''
LIBOBJS=''
LIBS=''
LIBTOOL=''
LN_S=''
LTLIBOBJS=''
NMEDIT=''
OBJEXT='o'
PACKAGE_BUGREPORT=''
PACKAGE_NAME=''
PACKAGE_STRING=''
PACKAGE_TARNAME=''
PACKAGE_URL=''
PACKAGE_VERSION=''
PATH_SEPARATOR=':'
RANLIB=''
RE2C='exit 0;'
SED='/bin/sed'
SHELL='/bin/bash'
SHLIB_DL_SUFFIX_NAME='so'
SHLIB_SUFFIX_NAME='so'
STRIP=''
ac_ct_CC='cc'
bindir='${exec_prefix}/bin'
build='i686-pc-linux-gnu'
build_alias=''
build_cpu='i686'
build_os='linux-gnu'
build_vendor='pc'
datadir='${datarootdir}'
datarootdir='${prefix}/share'
docdir='${datarootdir}/doc/${PACKAGE}'
dvidir='${docdir}'
exec_prefix='NONE'
host='i686-pc-linux-gnu'
host_alias='i686-pc-linux-gnu'
host_cpu='i686'
host_os='linux-gnu'
host_vendor='pc'
htmldir='${docdir}'
includedir='${prefix}/include'
infodir='${datarootdir}/info'
libdir='${exec_prefix}/lib'
libexecdir='${exec_prefix}/libexec'
localedir='${datarootdir}/locale'
localstatedir='${prefix}/var'
mandir='${datarootdir}/man'
oldincludedir='/usr/include'
pdfdir='${docdir}'
prefix='/usr/local'
program_transform_name='s,x,x,'
psdir='${docdir}'
sbindir='${exec_prefix}/sbin'
sharedstatedir='${prefix}/com'
sysconfdir='${prefix}/etc'
target='i686-pc-linux-gnu'
target_alias=''
target_cpu='i686'
target_os='linux-gnu'
target_vendor='pc'

## ----------- ##
## confdefs.h. ##
## ----------- ##

/* confdefs.h */
#define PACKAGE_NAME ""
#define PACKAGE_TARNAME ""
#define PACKAGE_VERSION ""
#define PACKAGE_STRING ""
#define PACKAGE_BUGREPORT ""
#define PACKAGE_URL ""

configure: exit 1
